C:\USERS\Администратор\DOCUMENTS\VISUAL STUDIO 2010\PROJECTS\BULDER DUSH\BULDER DUSH\DEBUG\BULDER DUSH.EXE.EMBED.MANIFEST
C:\USERS\Администратор\DOCUMENTS\VISUAL STUDIO 2010\PROJECTS\BULDER DUSH\BULDER DUSH\DEBUG\BULDER DUSH.EXE.EMBED.MANIFEST.RES
C:\USERS\Администратор\DOCUMENTS\VISUAL STUDIO 2010\PROJECTS\BULDER DUSH\BULDER DUSH\DEBUG\BULDER DUSH.EXE.INTERMEDIATE.MANIFEST
C:\USERS\Администратор\DOCUMENTS\VISUAL STUDIO 2010\PROJECTS\BULDER DUSH\BULDER DUSH\DEBUG\BULDER DUSH.OBJ
C:\USERS\Администратор\DOCUMENTS\VISUAL STUDIO 2010\PROJECTS\BULDER DUSH\BULDER DUSH\DEBUG\BULDER DUSH.PCH
C:\Users\Администратор\documents\visual studio 2010\Projects\bulder dush\bulder dush\Debug\bulder dush.vcxprojResolveAssemblyReference.cache
C:\Users\Администратор\documents\visual studio 2010\Projects\bulder dush\bulder dush\Debug\bulder dush.write.1.tlog
C:\Users\Администратор\documents\visual studio 2010\Projects\bulder dush\bulder dush\Debug\bulder dush_manifest.rc
C:\Users\Администратор\documents\visual studio 2010\Projects\bulder dush\bulder dush\Debug\cl.command.1.tlog
C:\Users\Администратор\documents\visual studio 2010\Projects\bulder dush\bulder dush\Debug\CL.read.1.tlog
C:\Users\Администратор\documents\visual studio 2010\Projects\bulder dush\bulder dush\Debug\CL.write.1.tlog
C:\Users\Администратор\documents\visual studio 2010\Projects\bulder dush\bulder dush\Debug\link.10244.read.1.tlog
C:\Users\Администратор\documents\visual studio 2010\Projects\bulder dush\bulder dush\Debug\link.10244.write.1.tlog
C:\Users\Администратор\documents\visual studio 2010\Projects\bulder dush\bulder dush\Debug\link.10244-cvtres.read.1.tlog
C:\Users\Администратор\documents\visual studio 2010\Projects\bulder dush\bulder dush\Debug\link.10244-cvtres.write.1.tlog
C:\Users\Администратор\documents\visual studio 2010\Projects\bulder dush\bulder dush\Debug\link.10608.read.1.tlog
C:\Users\Администратор\documents\visual studio 2010\Projects\bulder dush\bulder dush\Debug\link.10608.write.1.tlog
C:\Users\Администратор\documents\visual studio 2010\Projects\bulder dush\bulder dush\Debug\link.10608-cvtres.read.1.tlog
C:\Users\Администратор\documents\visual studio 2010\Projects\bulder dush\bulder dush\Debug\link.10608-cvtres.write.1.tlog
C:\Users\Администратор\documents\visual studio 2010\Projects\bulder dush\bulder dush\Debug\link.10676.read.1.tlog
C:\Users\Администратор\documents\visual studio 2010\Projects\bulder dush\bulder dush\Debug\link.10676.write.1.tlog
C:\Users\Администратор\documents\visual studio 2010\Projects\bulder dush\bulder dush\Debug\link.10676-cvtres.read.1.tlog
C:\Users\Администратор\documents\visual studio 2010\Projects\bulder dush\bulder dush\Debug\link.10676-cvtres.write.1.tlog
C:\Users\Администратор\documents\visual studio 2010\Projects\bulder dush\bulder dush\Debug\link.10884.read.1.tlog
C:\Users\Администратор\documents\visual studio 2010\Projects\bulder dush\bulder dush\Debug\link.10884.write.1.tlog
C:\Users\Администратор\documents\visual studio 2010\Projects\bulder dush\bulder dush\Debug\link.10884-cvtres.read.1.tlog
C:\Users\Администратор\documents\visual studio 2010\Projects\bulder dush\bulder dush\Debug\link.10884-cvtres.write.1.tlog
C:\Users\Администратор\documents\visual studio 2010\Projects\bulder dush\bulder dush\Debug\link.11080.read.1.tlog
C:\Users\Администратор\documents\visual studio 2010\Projects\bulder dush\bulder dush\Debug\link.11080.write.1.tlog
C:\Users\Администратор\documents\visual studio 2010\Projects\bulder dush\bulder dush\Debug\link.11080-cvtres.read.1.tlog
C:\Users\Администратор\documents\visual studio 2010\Projects\bulder dush\bulder dush\Debug\link.11080-cvtres.write.1.tlog
C:\Users\Администратор\documents\visual studio 2010\Projects\bulder dush\bulder dush\Debug\link.11132.read.1.tlog
C:\Users\Администратор\documents\visual studio 2010\Projects\bulder dush\bulder dush\Debug\link.11132.write.1.tlog
C:\Users\Администратор\documents\visual studio 2010\Projects\bulder dush\bulder dush\Debug\link.11132-cvtres.read.1.tlog
C:\Users\Администратор\documents\visual studio 2010\Projects\bulder dush\bulder dush\Debug\link.11132-cvtres.write.1.tlog
C:\Users\Администратор\documents\visual studio 2010\Projects\bulder dush\bulder dush\Debug\link.11176.read.1.tlog
C:\Users\Администратор\documents\visual studio 2010\Projects\bulder dush\bulder dush\Debug\link.11176.write.1.tlog
C:\Users\Администратор\documents\visual studio 2010\Projects\bulder dush\bulder dush\Debug\link.11176-cvtres.read.1.tlog
C:\Users\Администратор\documents\visual studio 2010\Projects\bulder dush\bulder dush\Debug\link.11176-cvtres.write.1.tlog
C:\Users\Администратор\documents\visual studio 2010\Projects\bulder dush\bulder dush\Debug\link.1732.read.1.tlog
C:\Users\Администратор\documents\visual studio 2010\Projects\bulder dush\bulder dush\Debug\link.1732.write.1.tlog
C:\Users\Администратор\documents\visual studio 2010\Projects\bulder dush\bulder dush\Debug\link.1732-cvtres.read.1.tlog
C:\Users\Администратор\documents\visual studio 2010\Projects\bulder dush\bulder dush\Debug\link.1732-cvtres.write.1.tlog
C:\Users\Администратор\documents\visual studio 2010\Projects\bulder dush\bulder dush\Debug\link.1952.read.1.tlog
C:\Users\Администратор\documents\visual studio 2010\Projects\bulder dush\bulder dush\Debug\link.1952.write.1.tlog
C:\Users\Администратор\documents\visual studio 2010\Projects\bulder dush\bulder dush\Debug\link.1952-cvtres.read.1.tlog
C:\Users\Администратор\documents\visual studio 2010\Projects\bulder dush\bulder dush\Debug\link.1952-cvtres.write.1.tlog
C:\Users\Администратор\documents\visual studio 2010\Projects\bulder dush\bulder dush\Debug\link.2016.read.1.tlog
C:\Users\Администратор\documents\visual studio 2010\Projects\bulder dush\bulder dush\Debug\link.2016.write.1.tlog
C:\Users\Администратор\documents\visual studio 2010\Projects\bulder dush\bulder dush\Debug\link.2016-cvtres.read.1.tlog
C:\Users\Администратор\documents\visual studio 2010\Projects\bulder dush\bulder dush\Debug\link.2016-cvtres.write.1.tlog
C:\Users\Администратор\documents\visual studio 2010\Projects\bulder dush\bulder dush\Debug\link.2384.read.1.tlog
C:\Users\Администратор\documents\visual studio 2010\Projects\bulder dush\bulder dush\Debug\link.2384.write.1.tlog
C:\Users\Администратор\documents\visual studio 2010\Projects\bulder dush\bulder dush\Debug\link.2384-cvtres.read.1.tlog
C:\Users\Администратор\documents\visual studio 2010\Projects\bulder dush\bulder dush\Debug\link.2384-cvtres.write.1.tlog
C:\Users\Администратор\documents\visual studio 2010\Projects\bulder dush\bulder dush\Debug\link.3504.read.1.tlog
C:\Users\Администратор\documents\visual studio 2010\Projects\bulder dush\bulder dush\Debug\link.3504.write.1.tlog
C:\Users\Администратор\documents\visual studio 2010\Projects\bulder dush\bulder dush\Debug\link.3504-cvtres.read.1.tlog
C:\Users\Администратор\documents\visual studio 2010\Projects\bulder dush\bulder dush\Debug\link.3504-cvtres.write.1.tlog
C:\Users\Администратор\documents\visual studio 2010\Projects\bulder dush\bulder dush\Debug\link.5428.read.1.tlog
C:\Users\Администратор\documents\visual studio 2010\Projects\bulder dush\bulder dush\Debug\link.5428.write.1.tlog
C:\Users\Администратор\documents\visual studio 2010\Projects\bulder dush\bulder dush\Debug\link.5428-cvtres.read.1.tlog
C:\Users\Администратор\documents\visual studio 2010\Projects\bulder dush\bulder dush\Debug\link.5428-cvtres.write.1.tlog
C:\Users\Администратор\documents\visual studio 2010\Projects\bulder dush\bulder dush\Debug\link.5460.read.1.tlog
C:\Users\Администратор\documents\visual studio 2010\Projects\bulder dush\bulder dush\Debug\link.5460.write.1.tlog
C:\Users\Администратор\documents\visual studio 2010\Projects\bulder dush\bulder dush\Debug\link.5460-cvtres.read.1.tlog
C:\Users\Администратор\documents\visual studio 2010\Projects\bulder dush\bulder dush\Debug\link.5460-cvtres.write.1.tlog
C:\Users\Администратор\documents\visual studio 2010\Projects\bulder dush\bulder dush\Debug\link.6608.read.1.tlog
C:\Users\Администратор\documents\visual studio 2010\Projects\bulder dush\bulder dush\Debug\link.6608.write.1.tlog
C:\Users\Администратор\documents\visual studio 2010\Projects\bulder dush\bulder dush\Debug\link.6608-cvtres.read.1.tlog
C:\Users\Администратор\documents\visual studio 2010\Projects\bulder dush\bulder dush\Debug\link.6608-cvtres.write.1.tlog
C:\Users\Администратор\documents\visual studio 2010\Projects\bulder dush\bulder dush\Debug\link.7132.read.1.tlog
C:\Users\Администратор\documents\visual studio 2010\Projects\bulder dush\bulder dush\Debug\link.7132.write.1.tlog
C:\Users\Администратор\documents\visual studio 2010\Projects\bulder dush\bulder dush\Debug\link.7132-cvtres.read.1.tlog
C:\Users\Администратор\documents\visual studio 2010\Projects\bulder dush\bulder dush\Debug\link.7132-cvtres.write.1.tlog
C:\Users\Администратор\documents\visual studio 2010\Projects\bulder dush\bulder dush\Debug\link.7400.read.1.tlog
C:\Users\Администратор\documents\visual studio 2010\Projects\bulder dush\bulder dush\Debug\link.7400.write.1.tlog
C:\Users\Администратор\documents\visual studio 2010\Projects\bulder dush\bulder dush\Debug\link.7400-cvtres.read.1.tlog
C:\Users\Администратор\documents\visual studio 2010\Projects\bulder dush\bulder dush\Debug\link.7400-cvtres.write.1.tlog
C:\Users\Администратор\documents\visual studio 2010\Projects\bulder dush\bulder dush\Debug\link.7776.read.1.tlog
C:\Users\Администратор\documents\visual studio 2010\Projects\bulder dush\bulder dush\Debug\link.7776.write.1.tlog
C:\Users\Администратор\documents\visual studio 2010\Projects\bulder dush\bulder dush\Debug\link.7776-cvtres.read.1.tlog
C:\Users\Администратор\documents\visual studio 2010\Projects\bulder dush\bulder dush\Debug\link.7776-cvtres.write.1.tlog
C:\Users\Администратор\documents\visual studio 2010\Projects\bulder dush\bulder dush\Debug\link.7984.read.1.tlog
C:\Users\Администратор\documents\visual studio 2010\Projects\bulder dush\bulder dush\Debug\link.7984.write.1.tlog
C:\Users\Администратор\documents\visual studio 2010\Projects\bulder dush\bulder dush\Debug\link.7984-cvtres.read.1.tlog
C:\Users\Администратор\documents\visual studio 2010\Projects\bulder dush\bulder dush\Debug\link.7984-cvtres.write.1.tlog
C:\Users\Администратор\documents\visual studio 2010\Projects\bulder dush\bulder dush\Debug\link.8036.read.1.tlog
C:\Users\Администратор\documents\visual studio 2010\Projects\bulder dush\bulder dush\Debug\link.8036.write.1.tlog
C:\Users\Администратор\documents\visual studio 2010\Projects\bulder dush\bulder dush\Debug\link.8036-cvtres.read.1.tlog
C:\Users\Администратор\documents\visual studio 2010\Projects\bulder dush\bulder dush\Debug\link.8036-cvtres.write.1.tlog
C:\Users\Администратор\documents\visual studio 2010\Projects\bulder dush\bulder dush\Debug\link.8100.read.1.tlog
C:\Users\Администратор\documents\visual studio 2010\Projects\bulder dush\bulder dush\Debug\link.8100.write.1.tlog
C:\Users\Администратор\documents\visual studio 2010\Projects\bulder dush\bulder dush\Debug\link.8100-cvtres.read.1.tlog
C:\Users\Администратор\documents\visual studio 2010\Projects\bulder dush\bulder dush\Debug\link.8100-cvtres.write.1.tlog
C:\Users\Администратор\documents\visual studio 2010\Projects\bulder dush\bulder dush\Debug\link.8308.read.1.tlog
C:\Users\Администратор\documents\visual studio 2010\Projects\bulder dush\bulder dush\Debug\link.8308.write.1.tlog
C:\Users\Администратор\documents\visual studio 2010\Projects\bulder dush\bulder dush\Debug\link.8308-cvtres.read.1.tlog
C:\Users\Администратор\documents\visual studio 2010\Projects\bulder dush\bulder dush\Debug\link.8308-cvtres.write.1.tlog
C:\Users\Администратор\documents\visual studio 2010\Projects\bulder dush\bulder dush\Debug\link.8400.read.1.tlog
C:\Users\Администратор\documents\visual studio 2010\Projects\bulder dush\bulder dush\Debug\link.8400.write.1.tlog
C:\Users\Администратор\documents\visual studio 2010\Projects\bulder dush\bulder dush\Debug\link.8400-cvtres.read.1.tlog
C:\Users\Администратор\documents\visual studio 2010\Projects\bulder dush\bulder dush\Debug\link.8400-cvtres.write.1.tlog
C:\Users\Администратор\documents\visual studio 2010\Projects\bulder dush\bulder dush\Debug\link.8456.read.1.tlog
C:\Users\Администратор\documents\visual studio 2010\Projects\bulder dush\bulder dush\Debug\link.8456.write.1.tlog
C:\Users\Администратор\documents\visual studio 2010\Projects\bulder dush\bulder dush\Debug\link.8456-cvtres.read.1.tlog
C:\Users\Администратор\documents\visual studio 2010\Projects\bulder dush\bulder dush\Debug\link.8456-cvtres.write.1.tlog
C:\Users\Администратор\documents\visual studio 2010\Projects\bulder dush\bulder dush\Debug\link.9256.read.1.tlog
C:\Users\Администратор\documents\visual studio 2010\Projects\bulder dush\bulder dush\Debug\link.9256.write.1.tlog
C:\Users\Администратор\documents\visual studio 2010\Projects\bulder dush\bulder dush\Debug\link.9256-cvtres.read.1.tlog
C:\Users\Администратор\documents\visual studio 2010\Projects\bulder dush\bulder dush\Debug\link.9256-cvtres.write.1.tlog
C:\Users\Администратор\documents\visual studio 2010\Projects\bulder dush\bulder dush\Debug\link.9324.read.1.tlog
C:\Users\Администратор\documents\visual studio 2010\Projects\bulder dush\bulder dush\Debug\link.9324.write.1.tlog
C:\Users\Администратор\documents\visual studio 2010\Projects\bulder dush\bulder dush\Debug\link.9324-cvtres.read.1.tlog
C:\Users\Администратор\documents\visual studio 2010\Projects\bulder dush\bulder dush\Debug\link.9324-cvtres.write.1.tlog
C:\Users\Администратор\documents\visual studio 2010\Projects\bulder dush\bulder dush\Debug\link.9336.read.1.tlog
C:\Users\Администратор\documents\visual studio 2010\Projects\bulder dush\bulder dush\Debug\link.9336.write.1.tlog
C:\Users\Администратор\documents\visual studio 2010\Projects\bulder dush\bulder dush\Debug\link.9336-cvtres.read.1.tlog
C:\Users\Администратор\documents\visual studio 2010\Projects\bulder dush\bulder dush\Debug\link.9336-cvtres.write.1.tlog
C:\Users\Администратор\documents\visual studio 2010\Projects\bulder dush\bulder dush\Debug\link.9424.read.1.tlog
C:\Users\Администратор\documents\visual studio 2010\Projects\bulder dush\bulder dush\Debug\link.9424.write.1.tlog
C:\Users\Администратор\documents\visual studio 2010\Projects\bulder dush\bulder dush\Debug\link.9424-cvtres.read.1.tlog
C:\Users\Администратор\documents\visual studio 2010\Projects\bulder dush\bulder dush\Debug\link.9424-cvtres.write.1.tlog
C:\Users\Администратор\documents\visual studio 2010\Projects\bulder dush\bulder dush\Debug\link.9704.read.1.tlog
C:\Users\Администратор\documents\visual studio 2010\Projects\bulder dush\bulder dush\Debug\link.9704.write.1.tlog
C:\Users\Администратор\documents\visual studio 2010\Projects\bulder dush\bulder dush\Debug\link.9704-cvtres.read.1.tlog
C:\Users\Администратор\documents\visual studio 2010\Projects\bulder dush\bulder dush\Debug\link.9704-cvtres.write.1.tlog
C:\Users\Администратор\documents\visual studio 2010\Projects\bulder dush\bulder dush\Debug\link.9712.read.1.tlog
C:\Users\Администратор\documents\visual studio 2010\Projects\bulder dush\bulder dush\Debug\link.9712.write.1.tlog
C:\Users\Администратор\documents\visual studio 2010\Projects\bulder dush\bulder dush\Debug\link.9712-cvtres.read.1.tlog
C:\Users\Администратор\documents\visual studio 2010\Projects\bulder dush\bulder dush\Debug\link.9712-cvtres.write.1.tlog
C:\Users\Администратор\documents\visual studio 2010\Projects\bulder dush\bulder dush\Debug\link.9728.read.1.tlog
C:\Users\Администратор\documents\visual studio 2010\Projects\bulder dush\bulder dush\Debug\link.9728.write.1.tlog
C:\Users\Администратор\documents\visual studio 2010\Projects\bulder dush\bulder dush\Debug\link.9728-cvtres.read.1.tlog
C:\Users\Администратор\documents\visual studio 2010\Projects\bulder dush\bulder dush\Debug\link.9728-cvtres.write.1.tlog
C:\Users\Администратор\documents\visual studio 2010\Projects\bulder dush\bulder dush\Debug\link.command.1.tlog
C:\Users\Администратор\documents\visual studio 2010\Projects\bulder dush\bulder dush\Debug\link.read.1.tlog
C:\Users\Администратор\documents\visual studio 2010\Projects\bulder dush\bulder dush\Debug\link.write.1.tlog
C:\Users\Администратор\documents\visual studio 2010\Projects\bulder dush\bulder dush\Debug\link-cvtres.read.1.tlog
C:\Users\Администратор\documents\visual studio 2010\Projects\bulder dush\bulder dush\Debug\link-cvtres.write.1.tlog
C:\Users\Администратор\documents\visual studio 2010\Projects\bulder dush\bulder dush\Debug\mt.command.1.tlog
C:\Users\Администратор\documents\visual studio 2010\Projects\bulder dush\bulder dush\Debug\mt.read.1.tlog
C:\Users\Администратор\documents\visual studio 2010\Projects\bulder dush\bulder dush\Debug\mt.write.1.tlog
C:\Users\Администратор\documents\visual studio 2010\Projects\bulder dush\bulder dush\Debug\rc.command.1.tlog
C:\Users\Администратор\documents\visual studio 2010\Projects\bulder dush\bulder dush\Debug\rc.read.1.tlog
C:\Users\Администратор\documents\visual studio 2010\Projects\bulder dush\bulder dush\Debug\rc.write.1.tlog
C:\USERS\Администратор\DOCUMENTS\VISUAL STUDIO 2010\PROJECTS\BULDER DUSH\BULDER DUSH\DEBUG\STDAFX.OBJ
C:\Users\Администратор\documents\visual studio 2010\Projects\bulder dush\bulder dush\Debug\vc100.idb
C:\USERS\АДМИНИСТРАТОР\DOCUMENTS\VISUAL STUDIO 2010\PROJECTS\BULDER DUSH\BULDER DUSH\DEBUG\VC100.PDB
C:\USERS\Администратор\DOCUMENTS\VISUAL STUDIO 2010\PROJECTS\BULDER DUSH\DEBUG\BULDER DUSH.EXE
C:\USERS\Администратор\DOCUMENTS\VISUAL STUDIO 2010\PROJECTS\BULDER DUSH\DEBUG\BULDER DUSH.ILK
C:\USERS\АДМИНИСТРАТОР\DOCUMENTS\VISUAL STUDIO 2010\PROJECTS\BULDER DUSH\DEBUG\BULDER DUSH.PDB
